<?xml version="1.0" encoding="UTF-8"?>
<!-- Generated by org.testng.reporters.JUnitReportReporter -->
<testsuite hostname="DESKTOP-VB7AA88" failures="0" tests="3" name="day35.LoinTest" time="51.528" errors="0" timestamp="2023-04-07T17:57:55 IST" skipped="0">
  <testcase classname="day35.LoinTest" name="openapp" time="49.189"/>
  <system-out/>
  <testcase classname="day35.LoinTest" name="login" time="2.233"/>
  <system-out/>
  <testcase classname="day35.LoinTest" name="closeapp" time="0.106"/>
  <system-out/>
</testsuite> <!-- day35.LoinTest -->
