<?xml version="1.0" encoding="UTF-8"?>
<!-- Generated by org.testng.reporters.JUnitReportReporter -->
<testsuite hostname="DESKTOP-VB7AA88" failures="0" tests="4" name="day36.pack1.DB2" time="0.007" errors="0" timestamp="2023-04-09T08:48:07 IST" skipped="0">
  <testcase classname="day36.pack1.DB2" name="select" time="0.002"/>
  <system-out/>
  <testcase classname="day36.pack1.DB2" name="select" time="0.002"/>
  <system-out/>
  <testcase classname="day36.pack1.DB2" name="delete" time="0.002"/>
  <system-out/>
  <testcase classname="day36.pack1.DB2" name="delete" time="0.001"/>
  <system-out/>
</testsuite> <!-- day36.pack1.DB2 -->
