<?xml version="1.0" encoding="UTF-8"?>
<!-- Generated by org.testng.reporters.JUnitReportReporter -->
<testsuite hostname="DESKTOP-VB7AA88" failures="0" tests="9" name="day37.GroupingDemo" time="0.032" errors="0" timestamp="2023-05-03T22:25:06 IST" skipped="0">
  <testcase classname="day37.GroupingDemo" name="Emaillogin" time="0.011"/>
  <system-out/>
  <testcase classname="day37.GroupingDemo" name="facebooklogin" time="0.003"/>
  <system-out/>
  <testcase classname="day37.GroupingDemo" name="twitterlogin" time="0.001"/>
  <system-out/>
  <testcase classname="day37.GroupingDemo" name="emailsignup" time="0.002"/>
  <system-out/>
  <testcase classname="day37.GroupingDemo" name="facebooksignup" time="0.003"/>
  <system-out/>
  <testcase classname="day37.GroupingDemo" name="twitersignup" time="0.003"/>
  <system-out/>
  <testcase classname="day37.GroupingDemo" name="paymentinR" time="0.004"/>
  <system-out/>
  <testcase classname="day37.GroupingDemo" name="paymentinD" time="0.003"/>
  <system-out/>
  <testcase classname="day37.GroupingDemo" name="returnbyBank" time="0.002"/>
  <system-out/>
</testsuite> <!-- day37.GroupingDemo -->
