<?xml version="1.0" encoding="UTF-8"?>
<!-- Generated by org.testng.reporters.JUnitReportReporter -->
<testsuite hostname="DESKTOP-VB7AA88" failures="0" tests="4" name="day34.Firsttestcase" time="0.027" errors="0" timestamp="2023-04-11T18:51:47 IST" skipped="0">
  <testcase classname="day34.Firsttestcase" name="openapp" time="0.017"/>
  <system-out/>
  <testcase classname="day34.Firsttestcase" name="login" time="0.004"/>
  <system-out/>
  <testcase classname="day34.Firsttestcase" name="logout" time="0.003"/>
  <system-out/>
  <testcase classname="day34.Firsttestcase" name="closeapp" time="0.003"/>
  <system-out/>
</testsuite> <!-- day34.Firsttestcase -->
