<?xml version="1.0" encoding="UTF-8"?>
<!-- Generated by org.testng.reporters.JUnitReportReporter -->
<testsuite hostname="DESKTOP-VB7AA88" failures="0" tests="3" name="day35.Logintest" time="59.200" errors="0" timestamp="2023-05-02T16:08:02 IST" skipped="0">
  <testcase classname="day35.Logintest" name="openapp" time="56.198"/>
  <system-out/>
  <testcase classname="day35.Logintest" name="login" time="2.785"/>
  <system-out/>
  <testcase classname="day35.Logintest" name="closeapp" time="0.217"/>
  <system-out/>
</testsuite> <!-- day35.Logintest -->
