<?xml version="1.0" encoding="UTF-8"?>
<!-- Generated by org.testng.reporters.JUnitReportReporter -->
<testsuite hostname="DESKTOP-VB7AA88" failures="0" tests="4" name="day37.dataprovider1" time="12.370" errors="0" timestamp="2023-05-03T23:19:33 IST" skipped="0">
  <testcase classname="day37.dataprovider1" name="testLogin" time="1.642"/>
  <system-out/>
  <testcase classname="day37.dataprovider1" name="testLogin" time="2.390"/>
  <system-out/>
  <testcase classname="day37.dataprovider1" name="testLogin" time="6.321"/>
  <system-out/>
  <testcase classname="day37.dataprovider1" name="testLogin" time="2.017"/>
  <system-out/>
</testsuite> <!-- day37.dataprovider1 -->
