<?xml version="1.0" encoding="UTF-8"?>
<!-- Generated by org.testng.reporters.JUnitReportReporter -->
<testsuite hostname="DESKTOP-VB7AA88" failures="0" tests="2" name="day36.Annotations1" time="0.020" errors="0" timestamp="2023-04-09T08:47:16 IST" skipped="0">
  <testcase classname="day36.Annotations1" name="search" time="0.018"/>
  <system-out/>
  <testcase classname="day36.Annotations1" name="advsearch" time="0.002"/>
  <system-out/>
</testsuite> <!-- day36.Annotations1 -->
