<?xml version="1.0" encoding="UTF-8"?>
<!-- Generated by org.testng.reporters.JUnitReportReporter -->
<testsuite hostname="DESKTOP-VB7AA88" failures="0" tests="2" name="day40.pageobjectmodel.logintest" time="1.636" errors="0" timestamp="2023-04-25T11:40:55 IST" skipped="0">
  <testcase classname="day40.pageobjectmodel.logintest" name="test_logo" time="0.076"/>
  <system-out/>
  <testcase classname="day40.pageobjectmodel.logintest" name="test_login" time="1.560"/>
  <system-out/>
</testsuite> <!-- day40.pageobjectmodel.logintest -->
