<?xml version="1.0" encoding="UTF-8"?>
<!-- Generated by org.testng.reporters.JUnitReportReporter -->
<testsuite hostname="DESKTOP-VB7AA88" failures="0" tests="2" name="day36.Annotations2" time="0.008" errors="0" timestamp="2023-04-09T08:47:25 IST" skipped="0">
  <testcase classname="day36.Annotations2" name="search" time="0.006"/>
  <system-out/>
  <testcase classname="day36.Annotations2" name="advsearch" time="0.002"/>
  <system-out/>
</testsuite> <!-- day36.Annotations2 -->
