<?xml version="1.0" encoding="UTF-8"?>
<!-- Generated by org.testng.reporters.JUnitReportReporter -->
<testsuite hostname="DESKTOP-VB7AA88" failures="0" tests="2" name="day36.AllAnnotations" time="0.017" errors="0" timestamp="2023-04-09T08:47:03 IST" skipped="0">
  <testcase classname="day36.AllAnnotations" name="beforemethod" time="0.003"/>
  <system-out/>
  <testcase classname="day36.AllAnnotations" name="aftermethod" time="0.014"/>
  <system-out/>
</testsuite> <!-- day36.AllAnnotations -->
